<?xml version="1.0" encoding="UTF-8"?>
<testsuites name="Mocha Tests" time="4.295" tests="5" failures="0">
  <testsuite name="Root Suite" timestamp="2023-01-26T14:15:16" tests="0" file="cypress/e2e/2-advanced-examples/utilities.cy.js" time="0.000" failures="0">
  </testsuite>
  <testsuite name="Utilities" timestamp="2023-01-26T14:15:16" tests="5" time="4.284" failures="0">
    <testcase name="Utilities Cypress._ - call a lodash method" time="0.843" classname="Cypress._ - call a lodash method">
    </testcase>
    <testcase name="Utilities Cypress.$ - call a jQuery method" time="0.302" classname="Cypress.$ - call a jQuery method">
    </testcase>
    <testcase name="Utilities Cypress.Blob - blob utilities and base64 string conversion" time="0.576" classname="Cypress.Blob - blob utilities and base64 string conversion">
    </testcase>
    <testcase name="Utilities Cypress.minimatch - test out glob patterns against strings" time="0.113" classname="Cypress.minimatch - test out glob patterns against strings">
    </testcase>
    <testcase name="Utilities Cypress.Promise - instantiate a bluebird promise" time="1.124" classname="Cypress.Promise - instantiate a bluebird promise">
    </testcase>
  </testsuite>
</testsuites>