<?xml version="1.0" encoding="UTF-8"?>
<testsuites name="Mocha Tests" time="1.753" tests="3" failures="0">
  <testsuite name="Root Suite" timestamp="2023-01-26T14:14:04" tests="0" file="cypress/e2e/2-advanced-examples/location.cy.js" time="0.000" failures="0">
  </testsuite>
  <testsuite name="Location" timestamp="2023-01-26T14:14:04" tests="3" time="1.734" failures="0">
    <testcase name="Location cy.hash() - get the current URL hash" time="0.273" classname="cy.hash() - get the current URL hash">
    </testcase>
    <testcase name="Location cy.location() - get window.location" time="0.147" classname="cy.location() - get window.location">
    </testcase>
    <testcase name="Location cy.url() - get the current URL" time="0.119" classname="cy.url() - get the current URL">
    </testcase>
  </testsuite>
</testsuites>