<?xml version="1.0" encoding="UTF-8"?>
<testsuites name="Mocha Tests" time="3.079" tests="10" failures="0">
  <testsuite name="Root Suite" timestamp="2023-01-26T14:13:48" tests="0" file="cypress/e2e/2-advanced-examples/cypress_api.cy.js" time="0.000" failures="0">
  </testsuite>
  <testsuite name="Cypress.Commands" timestamp="2023-01-26T14:13:48" tests="1" time="1.882" failures="0">
    <testcase name="Cypress.Commands .add() - create a custom command" time="0.329" classname=".add() - create a custom command">
    </testcase>
  </testsuite>
  <testsuite name="Cypress.Cookies" timestamp="2023-01-26T14:13:50" tests="1" time="0.173" failures="0">
    <testcase name="Cypress.Cookies .debug() - enable or disable debugging" time="0.170" classname=".debug() - enable or disable debugging">
    </testcase>
  </testsuite>
  <testsuite name="Cypress.arch" timestamp="2023-01-26T14:13:50" tests="1" time="0.134" failures="0">
    <testcase name="Cypress.arch Get CPU architecture name of underlying OS" time="0.125" classname="Get CPU architecture name of underlying OS">
    </testcase>
  </testsuite>
  <testsuite name="Cypress.config()" timestamp="2023-01-26T14:13:51" tests="1" time="0.189" failures="0">
    <testcase name="Cypress.config() Get and set configuration options" time="0.178" classname="Get and set configuration options">
    </testcase>
  </testsuite>
  <testsuite name="Cypress.dom" timestamp="2023-01-26T14:13:51" tests="1" time="0.126" failures="0">
    <testcase name="Cypress.dom .isHidden() - determine if a DOM element is hidden" time="0.124" classname=".isHidden() - determine if a DOM element is hidden">
    </testcase>
  </testsuite>
  <testsuite name="Cypress.env()" timestamp="2023-01-26T14:13:51" tests="1" time="0.105" failures="0">
    <testcase name="Cypress.env() Get environment variables" time="0.104" classname="Get environment variables">
    </testcase>
  </testsuite>
  <testsuite name="Cypress.log" timestamp="2023-01-26T14:13:51" tests="1" time="0.112" failures="0">
    <testcase name="Cypress.log Control what is printed to the Command Log" time="0.108" classname="Control what is printed to the Command Log">
    </testcase>
  </testsuite>
  <testsuite name="Cypress.platform" timestamp="2023-01-26T14:13:51" tests="1" time="0.107" failures="0">
    <testcase name="Cypress.platform Get underlying OS name" time="0.101" classname="Get underlying OS name">
    </testcase>
  </testsuite>
  <testsuite name="Cypress.version" timestamp="2023-01-26T14:13:51" tests="1" time="0.110" failures="0">
    <testcase name="Cypress.version Get current version of Cypress being run" time="0.104" classname="Get current version of Cypress being run">
    </testcase>
  </testsuite>
  <testsuite name="Cypress.spec" timestamp="2023-01-26T14:13:51" tests="1" time="0.116" failures="0">
    <testcase name="Cypress.spec Get current spec information" time="0.104" classname="Get current spec information">
    </testcase>
  </testsuite>
</testsuites>