<?xml version="1.0" encoding="UTF-8"?>
<testsuites name="Mocha Tests" time="6.552" tests="2" failures="0">
  <testsuite name="Root Suite" timestamp="2023-01-26T14:15:35" tests="0" file="cypress/e2e/2-advanced-examples/waiting.cy.js" time="0.000" failures="0">
  </testsuite>
  <testsuite name="Waiting" timestamp="2023-01-26T14:15:35" tests="2" time="6.531" failures="0">
    <testcase name="Waiting cy.wait() - wait for a specific amount of time" time="4.773" classname="cy.wait() - wait for a specific amount of time">
    </testcase>
    <testcase name="Waiting cy.wait() - wait for a specific route" time="0.566" classname="cy.wait() - wait for a specific route">
    </testcase>
  </testsuite>
</testsuites>