<?xml version="1.0" encoding="UTF-8"?>
<testsuites name="Mocha Tests" time="3.186" tests="3" failures="0">
  <testsuite name="Root Suite" timestamp="2023-01-26T14:14:21" tests="0" file="cypress/e2e/2-advanced-examples/navigation.cy.js" time="0.000" failures="0">
  </testsuite>
  <testsuite name="Navigation" timestamp="2023-01-26T14:14:21" tests="3" time="3.164" failures="0">
    <testcase name="Navigation cy.go() - go back or forward in the browser&apos;s history" time="1.066" classname="cy.go() - go back or forward in the browser&apos;s history">
    </testcase>
    <testcase name="Navigation cy.reload() - reload the page" time="0.502" classname="cy.reload() - reload the page">
    </testcase>
    <testcase name="Navigation cy.visit() - visit a remote url" time="0.403" classname="cy.visit() - visit a remote url">
    </testcase>
  </testsuite>
</testsuites>