<?xml version="1.0" encoding="UTF-8"?>
<testsuites name="Mocha Tests" time="2.693" tests="5" failures="0">
  <testsuite name="Root Suite" timestamp="2023-01-26T14:13:41" tests="0" file="cypress/e2e/2-advanced-examples/cookies.cy.js" time="0.000" failures="0">
  </testsuite>
  <testsuite name="Cookies" timestamp="2023-01-26T14:13:41" tests="5" time="2.667" failures="0">
    <testcase name="Cookies cy.getCookie() - get a browser cookie" time="0.426" classname="cy.getCookie() - get a browser cookie">
    </testcase>
    <testcase name="Cookies cy.getCookies() - get browser cookies" time="0.340" classname="cy.getCookies() - get browser cookies">
    </testcase>
    <testcase name="Cookies cy.setCookie() - set a browser cookie" time="0.204" classname="cy.setCookie() - set a browser cookie">
    </testcase>
    <testcase name="Cookies cy.clearCookie() - clear a browser cookie" time="0.255" classname="cy.clearCookie() - clear a browser cookie">
    </testcase>
    <testcase name="Cookies cy.clearCookies() - clear browser cookies" time="0.210" classname="cy.clearCookies() - clear browser cookies">
    </testcase>
  </testsuite>
</testsuites>